{"name": "test_login", "status": "failed", "statusDetails": {"message": "AssertionError: assert False", "trace": "self = <test_login.Test_credence_login object at 0x0000018639B0C5D0>\n\n    def test_login(self):\n        from selenium import webdriver\n        from selenium.webdriver.common.by import By\n    \n        driver= webdriver.Chrome()\n        driver.get(\"https://automation.credence.in/shop\")\n        driver.find_element(By.XPATH,\"//a[normalize-space()='Login']\").click()\n        driver.find_element(By.XPATH,\"//input[@id='email']\").send_keys(\"umesh1428@gmail.com\")\n        driver.find_element(By.XPATH,\"//input[@id='password']\").send_keys(\"22149987\")\n        driver.find_element(By.XPATH,\"//button[@type='submit']\").click()\n    \n        try:\n>           driver.find_element(By.XPATH, \"//h2[normalize-space()='CredKart']\")\n\ncredence side\\test_login.py:17: \n_ _ _ _ _ _ _ _ _ _ _ _ _ _ _ _ _ _ _ _ _ _ _ _ _ _ _ _ _ _ _ _ _ _ _ _ _ _ _ _ _ _ _ _ _ _ _ _ _ _ _ _ _ _ _ _ _ _ _ _ _ _ _ _ _ _ _ _ _ _ _ _ _ _ _ _ _ _ _\nC:\\Users\\VCV\\venv\\Lib\\site-packages\\selenium\\webdriver\\remote\\webdriver.py:740: in find_element\n    return self.execute(Command.FIND_ELEMENT, {\"using\": by, \"value\": value})[\"value\"]\nC:\\Users\\VCV\\venv\\Lib\\site-packages\\selenium\\webdriver\\remote\\webdriver.py:346: in execute\n    self.error_handler.check_response(response)\n_ _ _ _ _ _ _ _ _ _ _ _ _ _ _ _ _ _ _ _ _ _ _ _ _ _ _ _ _ _ _ _ _ _ _ _ _ _ _ _ _ _ _ _ _ _ _ _ _ _ _ _ _ _ _ _ _ _ _ _ _ _ _ _ _ _ _ _ _ _ _ _ _ _ _ _ _ _ _\n\nself = <selenium.webdriver.remote.errorhandler.ErrorHandler object at 0x0000018639FDA310>\nresponse = {'status': 404, 'value': '{\"value\":{\"error\":\"no such element\",\"message\":\"no such element: Unable to locate element: {\\...07FF7BA8538E3]\\\\n\\\\tBaseThreadInitThunk [0x00007FF9318B37E4+20]\\\\n\\\\tRtlUserThreadStart [0x00007FF9325FCB81+33]\\\\n\"}}'}\n\n    def check_response(self, response: Dict[str, Any]) -> None:\n        \"\"\"Checks that a JSON response from the WebDriver does not have an\n        error.\n    \n        :Args:\n         - response - The JSON response from the WebDriver server as a dictionary\n           object.\n    \n        :Raises: If the response contains an error message.\n        \"\"\"\n        status = response.get(\"status\", None)\n        if not status or status == ErrorCode.SUCCESS:\n            return\n        value = None\n        message = response.get(\"message\", \"\")\n        screen: str = response.get(\"screen\", \"\")\n        stacktrace = None\n        if isinstance(status, int):\n            value_json = response.get(\"value\", None)\n            if value_json and isinstance(value_json, str):\n                import json\n    \n                try:\n                    value = json.loads(value_json)\n                    if len(value) == 1:\n                        value = value[\"value\"]\n                    status = value.get(\"error\", None)\n                    if not status:\n                        status = value.get(\"status\", ErrorCode.UNKNOWN_ERROR)\n                        message = value.get(\"value\") or value.get(\"message\")\n                        if not isinstance(message, str):\n                            value = message\n                            message = message.get(\"message\")\n                    else:\n                        message = value.get(\"message\", None)\n                except ValueError:\n                    pass\n    \n        exception_class: Type[WebDriverException]\n        if status in ErrorCode.NO_SUCH_ELEMENT:\n            exception_class = NoSuchElementException\n        elif status in ErrorCode.NO_SUCH_FRAME:\n            exception_class = NoSuchFrameException\n        elif status in ErrorCode.NO_SUCH_SHADOW_ROOT:\n            exception_class = NoSuchShadowRootException\n        elif status in ErrorCode.NO_SUCH_WINDOW:\n            exception_class = NoSuchWindowException\n        elif status in ErrorCode.STALE_ELEMENT_REFERENCE:\n            exception_class = StaleElementReferenceException\n        elif status in ErrorCode.ELEMENT_NOT_VISIBLE:\n            exception_class = ElementNotVisibleException\n        elif status in ErrorCode.INVALID_ELEMENT_STATE:\n            exception_class = InvalidElementStateException\n        elif (\n            status in ErrorCode.INVALID_SELECTOR\n            or status in ErrorCode.INVALID_XPATH_SELECTOR\n            or status in ErrorCode.INVALID_XPATH_SELECTOR_RETURN_TYPER\n        ):\n            exception_class = InvalidSelectorException\n        elif status in ErrorCode.ELEMENT_IS_NOT_SELECTABLE:\n            exception_class = ElementNotSelectableException\n        elif status in ErrorCode.ELEMENT_NOT_INTERACTABLE:\n            exception_class = ElementNotInteractableException\n        elif status in ErrorCode.INVALID_COOKIE_DOMAIN:\n            exception_class = InvalidCookieDomainException\n        elif status in ErrorCode.UNABLE_TO_SET_COOKIE:\n            exception_class = UnableToSetCookieException\n        elif status in ErrorCode.TIMEOUT:\n            exception_class = TimeoutException\n        elif status in ErrorCode.SCRIPT_TIMEOUT:\n            exception_class = TimeoutException\n        elif status in ErrorCode.UNKNOWN_ERROR:\n            exception_class = WebDriverException\n        elif status in ErrorCode.UNEXPECTED_ALERT_OPEN:\n            exception_class = UnexpectedAlertPresentException\n        elif status in ErrorCode.NO_ALERT_OPEN:\n            exception_class = NoAlertPresentException\n        elif status in ErrorCode.IME_NOT_AVAILABLE:\n            exception_class = ImeNotAvailableException\n        elif status in ErrorCode.IME_ENGINE_ACTIVATION_FAILED:\n            exception_class = ImeActivationFailedException\n        elif status in ErrorCode.MOVE_TARGET_OUT_OF_BOUNDS:\n            exception_class = MoveTargetOutOfBoundsException\n        elif status in ErrorCode.JAVASCRIPT_ERROR:\n            exception_class = JavascriptException\n        elif status in ErrorCode.SESSION_NOT_CREATED:\n            exception_class = SessionNotCreatedException\n        elif status in ErrorCode.INVALID_ARGUMENT:\n            exception_class = InvalidArgumentException\n        elif status in ErrorCode.NO_SUCH_COOKIE:\n            exception_class = NoSuchCookieException\n        elif status in ErrorCode.UNABLE_TO_CAPTURE_SCREEN:\n            exception_class = ScreenshotException\n        elif status in ErrorCode.ELEMENT_CLICK_INTERCEPTED:\n            exception_class = ElementClickInterceptedException\n        elif status in ErrorCode.INSECURE_CERTIFICATE:\n            exception_class = InsecureCertificateException\n        elif status in ErrorCode.INVALID_COORDINATES:\n            exception_class = InvalidCoordinatesException\n        elif status in ErrorCode.INVALID_SESSION_ID:\n            exception_class = InvalidSessionIdException\n        elif status in ErrorCode.UNKNOWN_METHOD:\n            exception_class = UnknownMethodException\n        else:\n            exception_class = WebDriverException\n        if not value:\n            value = response[\"value\"]\n        if isinstance(value, str):\n            raise exception_class(value)\n        if message == \"\" and \"message\" in value:\n            message = value[\"message\"]\n    \n        screen = None  # type: ignore[assignment]\n        if \"screen\" in value:\n            screen = value[\"screen\"]\n    \n        stacktrace = None\n        st_value = value.get(\"stackTrace\") or value.get(\"stacktrace\")\n        if st_value:\n            if isinstance(st_value, str):\n                stacktrace = st_value.split(\"\\n\")\n            else:\n                stacktrace = []\n                try:\n                    for frame in st_value:\n                        line = frame.get(\"lineNumber\", \"\")\n                        file = frame.get(\"fileName\", \"<anonymous>\")\n                        if line:\n                            file = f\"{file}:{line}\"\n                        meth = frame.get(\"methodName\", \"<anonymous>\")\n                        if \"className\" in frame:\n                            meth = f\"{frame['className']}.{meth}\"\n                        msg = \"    at %s (%s)\"\n                        msg = msg % (meth, file)\n                        stacktrace.append(msg)\n                except TypeError:\n                    pass\n        if exception_class == UnexpectedAlertPresentException:\n            alert_text = None\n            if \"data\" in value:\n                alert_text = value[\"data\"].get(\"text\")\n            elif \"alert\" in value:\n                alert_text = value[\"alert\"].get(\"text\")\n            raise exception_class(message, screen, stacktrace, alert_text)  # type: ignore[call-arg]  # mypy is not smart enough here\n>       raise exception_class(message, screen, stacktrace)\nE       selenium.common.exceptions.NoSuchElementException: Message: no such element: Unable to locate element: {\"method\":\"xpath\",\"selector\":\"//h2[normalize-space()='CredKart']\"}\nE         (Session info: chrome=115.0.5790.110); For documentation on this error, please visit: https://www.selenium.dev/documentation/webdriver/troubleshooting/errors#no-such-element-exception\nE       Stacktrace:\nE       Backtrace:\nE       \tGetHandleVerifier [0x00007FF7BA8E3E62+57250]\nE       \t(No symbol) [0x00007FF7BA85BC02]\nE       \t(No symbol) [0x00007FF7BA72E0BB]\nE       \t(No symbol) [0x00007FF7BA76765E]\nE       \t(No symbol) [0x00007FF7BA76774C]\nE       \t(No symbol) [0x00007FF7BA7A0267]\nE       \t(No symbol) [0x00007FF7BA7867EF]\nE       \t(No symbol) [0x00007FF7BA79E312]\nE       \t(No symbol) [0x00007FF7BA786583]\nE       \t(No symbol) [0x00007FF7BA75CC71]\nE       \t(No symbol) [0x00007FF7BA75DE54]\nE       \tGetHandleVerifier [0x00007FF7BAB94CF2+2879026]\nE       \tGetHandleVerifier [0x00007FF7BABE6F30+3215472]\nE       \tGetHandleVerifier [0x00007FF7BABDFD4F+3186319]\nE       \tGetHandleVerifier [0x00007FF7BA975505+652869]\nE       \t(No symbol) [0x00007FF7BA867518]\nE       \t(No symbol) [0x00007FF7BA8635F4]\nE       \t(No symbol) [0x00007FF7BA8636EC]\nE       \t(No symbol) [0x00007FF7BA8538E3]\nE       \tBaseThreadInitThunk [0x00007FF9318B37E4+20]\nE       \tRtlUserThreadStart [0x00007FF9325FCB81+33]\n\nC:\\Users\\VCV\\venv\\Lib\\site-packages\\selenium\\webdriver\\remote\\errorhandler.py:245: NoSuchElementException\n\nDuring handling of the above exception, another exception occurred:\n\nself = <test_login.Test_credence_login object at 0x0000018639B0C5D0>\n\n    def test_login(self):\n        from selenium import webdriver\n        from selenium.webdriver.common.by import By\n    \n        driver= webdriver.Chrome()\n        driver.get(\"https://automation.credence.in/shop\")\n        driver.find_element(By.XPATH,\"//a[normalize-space()='Login']\").click()\n        driver.find_element(By.XPATH,\"//input[@id='email']\").send_keys(\"umesh1428@gmail.com\")\n        driver.find_element(By.XPATH,\"//input[@id='password']\").send_keys(\"22149987\")\n        driver.find_element(By.XPATH,\"//button[@type='submit']\").click()\n    \n        try:\n            driver.find_element(By.XPATH, \"//h2[normalize-space()='CredKart']\")\n            print(\"registration test case pass\")\n            driver.close()\n            assert True\n        except:\n            print(\"registration test case pass\")\n            driver.close()\n>           assert False\nE           assert False\n\ncredence side\\test_login.py:24: AssertionError"}, "start": 1690820394593, "stop": 1690820547516, "uuid": "cf867ec0-4980-4569-a9eb-c2f8104d2798", "historyId": "bd65c3554e05f230c609eb093f49933b", "testCaseId": "bd65c3554e05f230c609eb093f49933b", "fullName": "credence side.test_login.Test_credence_login#test_login", "labels": [{"name": "parentSuite", "value": "credence side"}, {"name": "suite", "value": "test_login"}, {"name": "subSuite", "value": "Test_credence_login"}, {"name": "host", "value": "DESKTOP-0UK8E2L"}, {"name": "thread", "value": "4044-MainThread"}, {"name": "framework", "value": "pytest"}, {"name": "language", "value": "cpython3"}, {"name": "package", "value": "credence side.test_login"}]}